proguard/seeds.txt
com.danga.squeezer.model.SqueezerPlaylist$1
com.danga.squeezer.service.SqueezerPlayerState
com.danga.squeezer.itemlists.SqueezerPluginView$ViewHolder
com.danga.squeezer.framework.SqueezerItem
com.danga.squeezer.itemlists.SqueezerPluginListActivity$1
com.danga.squeezer.itemlists.GenreSpinner$GenreSpinnerCallback
com.danga.squeezer.service.SqueezeService$6
com.danga.squeezer.service.SqueezeService$7
com.danga.squeezer.service.SqueezeService$8
com.danga.squeezer.service.SqueezeService$9
com.danga.squeezer.service.SqueezeService$2
com.danga.squeezer.service.SqueezeService$3
com.danga.squeezer.service.SqueezeService$4
com.danga.squeezer.service.SqueezeService$5
com.danga.squeezer.service.SqueezeService$1
com.danga.squeezer.framework.SqueezerOrderableListActivity
com.danga.squeezer.service.SqueezerCLIImpl$YearListHandler
com.danga.squeezer.itemlists.dialogs.SqueezerSongFilterDialog
com.danga.squeezer.actionbarcompat.ActionBarHelperBase$1
com.danga.squeezer.itemlists.SqueezerPlaylistSongsActivity
com.danga.squeezer.itemlists.SqueezerPluginView
com.danga.squeezer.itemlists.IServiceGenreListCallback$Stub$Proxy
com.danga.squeezer.itemlists.SqueezerIconicItemView
com.danga.squeezer.model.SqueezerArtist
com.danga.squeezer.itemlists.IServicePluginItemListCallback$Stub
com.danga.squeezer.itemlists.SqueezerPlayerListActivity$1
com.danga.squeezer.SqueezerMusicActivity
com.danga.squeezer.model.SqueezerPlayer$1
com.danga.squeezer.SqueezerActivity
com.danga.squeezer.itemlists.IServicePluginListCallback$Stub
com.danga.squeezer.framework.SqueezerBaseListActivity
com.danga.squeezer.R
com.danga.squeezer.SqueezerActivity$11
com.danga.squeezer.SqueezerActivity$12
com.danga.squeezer.SqueezerActivity$13
com.danga.squeezer.SqueezerActivity$14
com.danga.squeezer.SqueezerActivity$15
com.danga.squeezer.SqueezerActivity$16
com.danga.squeezer.itemlists.IServicePlayerListCallback
com.danga.squeezer.SqueezerActivity$10
com.danga.squeezer.menu.SqueezerFilterMenuItemFragment$SqueezerFilterableListActivity
com.danga.squeezer.service.SqueezerCLIImpl$ArtistListHandler$1
com.danga.squeezer.itemlists.dialogs.SqueezerPlaylistsDeleteDialog$1
com.danga.squeezer.framework.SqueezerItemView
com.danga.squeezer.itemlists.IServicePlaylistMaintenanceCallback
com.danga.squeezer.SqueezerActivity$EnableWifiDialog$1
com.danga.squeezer.itemlists.SqueezerPlaylistView
com.danga.squeezer.actionbarcompat.SimpleMenu
com.danga.squeezer.service.SqueezerCLIImpl$PlaylistsHandler$1
com.danga.squeezer.model.SqueezerYear$1
com.danga.squeezer.itemlists.SqueezerAlbumListActivity$1
com.danga.squeezer.SqueezerMusicActivity$1
com.danga.squeezer.framework.SqueezerItemAdapter
com.danga.squeezer.itemlists.dialogs.SqueezerArtistFilterDialog
com.danga.squeezer.itemlists.SqueezerAlbumView
com.danga.squeezer.itemlists.SqueezerPluginItemListActivity$1$1
com.danga.squeezer.SqueezerHomeActivity$1
com.danga.squeezer.itemlists.SqueezerPluginItemListActivity$1$2
com.danga.squeezer.Util
com.danga.squeezer.model.SqueezerPlaylist
com.danga.squeezer.itemlists.dialogs.SqueezerAlbumFilterDialog
com.danga.squeezer.itemlists.IServicePluginItemListCallback$Stub$Proxy
com.danga.squeezer.service.SqueezerCLIImpl$PluginListHandler$1
com.danga.squeezer.SettingsActivity$1
com.danga.squeezer.SettingsActivity$2
com.danga.squeezer.itemlists.SqueezerAlbumView$ViewHolder
com.danga.squeezer.ReflectUtil
com.danga.squeezer.framework.SqueezerIconUpdater$1$1
com.danga.squeezer.service.SqueezerCLIImpl$ExtendedQueryFormatCmd
com.danga.squeezer.SqueezerRandomplayActivity$1
com.danga.squeezer.service.ISqueezeService
com.danga.squeezer.model.SqueezerPluginItem
com.danga.squeezer.model.SqueezerPlugin$1
com.danga.squeezer.actionbarcompat.ActionBarHelperHoneycomb
com.danga.squeezer.itemlists.IServiceGenreListCallback
com.danga.squeezer.model.SqueezerPlayer
com.danga.squeezer.service.SqueezerCLIImpl$GenreListHandler$1
com.danga.squeezer.service.SqueezerConnectionState
com.danga.squeezer.service.SqueezerCLIImpl$SongListHandler$1
...
android.support.v4.view.ViewPager
android.support.v4.view.ViewPager: ViewPager(android.content.Context,android.util.AttributeSet)
com.pocketjourney.view.TransparentPanel
com.pocketjourney.view.TransparentPanel: TransparentPanel(android.content.Context,android.util.AttributeSet)
org.acra.ReportField: org.acra.ReportField[] values()
org.acra.ReportField: org.acra.ReportField valueOf(java.lang.String)
org.acra.ReportingInteractionMode: org.acra.ReportingInteractionMode[] values()
org.acra.ReportingInteractionMode: org.acra.ReportingInteractionMode valueOf(java.lang.String)
org.acra.ACRA
org.acra.ACRA: boolean DEV_LOGGING
org.acra.ACRA: java.lang.String LOG_TAG
org.acra.ACRA: java.lang.String RES_NOTIF_ICON
org.acra.ACRA: java.lang.String RES_NOTIF_TICKER_TEXT
org.acra.ACRA: java.lang.String RES_NOTIF_TITLE
org.acra.ACRA: java.lang.String RES_NOTIF_TEXT
org.acra.ACRA: java.lang.String RES_DIALOG_ICON
org.acra.ACRA: java.lang.String RES_DIALOG_TITLE
org.acra.ACRA: java.lang.String RES_DIALOG_TEXT
org.acra.ACRA: java.lang.String RES_DIALOG_COMMENT_PROMPT
org.acra.ACRA: java.lang.String RES_DIALOG_OK_TOAST
org.acra.ACRA: java.lang.String RES_TOAST_TEXT
org.acra.ACRA: int NOTIF_CRASH_ID
org.acra.ACRA: java.lang.String PREF_DISABLE_ACRA
org.acra.ACRA: java.lang.String PREF_ENABLE_ACRA
org.acra.ACRA: java.lang.String PREF_ENABLE_SYSTEM_LOGS
org.acra.ACRA: java.lang.String PREF_ENABLE_DEVICE_ID
org.acra.ACRA: java.lang.String PREF_USER_EMAIL_ADDRESS
org.acra.ACRA: java.lang.String PREF_ALWAYS_ACCEPT
org.acra.ACRA: android.app.Application mApplication
org.acra.ACRA: org.acra.annotation.ReportsCrashes mReportsCrashes
org.acra.ACRA: android.content.SharedPreferences$OnSharedPreferenceChangeListener mPrefListener
org.acra.ACRA: android.text.format.Time mAppStartDate
org.acra.ACRA: org.acra.ReportField[] DEFAULT_MAIL_REPORT_FIELDS
org.acra.ACRA: org.acra.ReportField[] DEFAULT_REPORT_FIELDS
org.acra.ACRA: java.lang.String NULL_VALUE
org.acra.ACRA: ACRA()
org.acra.ACRA: void init(android.app.Application)
org.acra.ACRA: void initAcra()
org.acra.ReportingInteractionMode
org.acra.ReportingInteractionMode: org.acra.ReportingInteractionMode SILENT
org.acra.ReportingInteractionMode: org.acra.ReportingInteractionMode NOTIFICATION
org.acra.ReportingInteractionMode: org.acra.ReportingInteractionMode TOAST
org.acra.ReportingInteractionMode: org.acra.ReportingInteractionMode[] $VALUES
org.acra.ReportingInteractionMode: org.acra.ReportingInteractionMode[] values()
org.acra.ReportingInteractionMode: org.acra.ReportingInteractionMode valueOf(java.lang.String)
org.acra.ReportingInteractionMode: ReportingInteractionMode(java.lang.String,int)
org.acra.ReportingInteractionMode: void <clinit>()
org.acra.ErrorReporter
org.acra.ErrorReporter: void addCustomData(java.lang.String,java.lang.String)
org.acra.ErrorReporter
org.acra.CrashReportDialog
android.support.v4.app.FragmentActivity
com.google.android.apps.analytics.AnalyticsReceiver
android.support.v4.app.FragmentState
android.support.v4.app.FragmentState: android.os.Parcelable$Creator CREATOR
android.support.v4.app.BackStackState
android.support.v4.app.BackStackState: android.os.Parcelable$Creator CREATOR
android.support.v4.app.Fragment$SavedState
android.support.v4.app.Fragment$SavedState: android.os.Parcelable$Creator CREATOR
android.support.v4.app.FragmentManagerState
android.support.v4.app.FragmentManagerState: android.os.Parcelable$Creator CREATOR
android.support.v4.view.ViewPager$SavedState
android.support.v4.view.ViewPager$SavedState: android.os.Parcelable$Creator CREATOR