proguard/mapping.txt
com.danga.squeezer.IServiceCallback -> com.danga.squeezer.IServiceCallback:
    void onMusicChanged() -> a
    void onPlayerChanged(java.lang.String,java.lang.String) -> a
    void onConnectionChanged(boolean,boolean) -> a
    void onPlayStatusChanged(boolean) -> a
    void onTimeInSongChange(int,int) -> a
com.danga.squeezer.IServiceCallback$Stub -> com.danga.squeezer.IServiceCallback$Stub:
    23:30:com.danga.squeezer.IServiceCallback asInterface(android.os.IBinder) -> a
    34:34:android.os.IBinder asBinder() -> asBinder
    38:90:boolean onTransact(int,android.os.Parcel,android.os.Parcel,int) -> onTransact
com.danga.squeezer.IServiceCallback$Stub$Proxy -> com.danga.squeezer.IServiceCallback$Stub$Proxy:
    android.os.IBinder mRemote -> a
    101:101:android.os.IBinder asBinder() -> asBinder
    109:117:void onMusicChanged() -> a
    122:132:void onPlayerChanged(java.lang.String,java.lang.String) -> a
    137:147:void onConnectionChanged(boolean,boolean) -> a
    150:159:void onPlayStatusChanged(boolean) -> a
    162:172:void onTimeInSongChange(int,int) -> a
com.danga.squeezer.IconRowAdapter -> com.danga.squeezer.IconRowAdapter:
    android.app.Activity activity -> a
    int rowLayout -> b
    int iconId -> c
    int textId -> d
    int[] images -> e
    java.lang.String[] items -> f
    41:41:int getCount() -> getCount
    53:53:long getItemId(int) -> getItemId
    63:70:android.view.View getView(int,android.view.View,android.view.ViewGroup) -> getView
    1:1:java.lang.Object getItem(int) -> getItem
com.danga.squeezer.IntEditTextPreference -> com.danga.squeezer.IntEditTextPreference:
    39:39:java.lang.String getPersistedString(java.lang.String) -> getPersistedString
    44:44:boolean persistString(java.lang.String) -> persistString
com.danga.squeezer.ReflectUtil -> com.danga.squeezer.ReflectUtil:
    43:48:java.lang.Class getGenericClass$7c989d85(java.lang.Class,java.lang.Class) -> a
    99:113:java.lang.reflect.Type[] genericInterfaceResolver(java.lang.Class,java.lang.Class,java.lang.reflect.Type[]) -> a
    126:147:java.lang.reflect.Type[] mapTypeArguments(java.lang.Class,java.lang.reflect.Type,java.lang.reflect.Type[]) -> a
com.danga.squeezer.RepeatingImageButton -> com.danga.squeezer.RepeatingImageButton:
    long mStartTime -> a
    int mRepeatCount -> b
    com.danga.squeezer.RepeatingImageButton$RepeatListener mListener -> c
    long mInterval -> d
    java.lang.Runnable mRepeater -> e
    65:68:boolean performLongClick() -> performLongClick
    73:81:boolean onTouchEvent(android.view.MotionEvent) -> onTouchEvent
    86:96:boolean onKeyUp(int,android.view.KeyEvent) -> onKeyUp
    109:113:void doRepeat(boolean) -> a
    108:108:void access$0$2b501f3b(com.danga.squeezer.RepeatingImageButton) -> a
    36:36:long access$1(com.danga.squeezer.RepeatingImageButton) -> b
com.danga.squeezer.RepeatingImageButton$1 -> com.danga.squeezer.RepeatingImageButton$1:
    com.danga.squeezer.RepeatingImageButton this$0 -> a
    101:105:void run() -> run
com.danga.squeezer.RepeatingImageButton$RepeatListener -> com.danga.squeezer.RepeatingImageButton$RepeatListener:
com.danga.squeezer.SettingsActivity -> com.danga.squeezer.SettingsActivity:
    java.lang.String TAG -> a
    com.danga.squeezer.service.ISqueezeService serviceStub -> b
    android.preference.EditTextPreference addrPref -> c
    android.content.ServiceConnection serviceConnection -> d
    55:86:void onCreate(android.os.Bundle) -> onCreate
    90:94:void onResume() -> onResume
    98:100:void onPause() -> onPause
    103:108:void updateAddressSummary(java.lang.String) -> a
    111:120:boolean onPreferenceChange(android.preference.Preference,java.lang.Object) -> onPreferenceChange
    124:126:void show(android.content.Context) -> a
    41:41:void access$0(com.danga.squeezer.SettingsActivity,com.danga.squeezer.service.ISqueezeService) -> a
    41:41:com.danga.squeezer.service.ISqueezeService access$1(com.danga.squeezer.SettingsActivity) -> a
...
com.google.android.apps.analytics.GoogleAnalyticsTracker$DispatcherCallbacks$1 -> com.google.android.apps.analytics.n:
    com.google.android.apps.analytics.GoogleAnalyticsTracker$DispatcherCallbacks this$1 -> a
    void run() -> run
com.google.android.apps.analytics.Hit -> com.google.android.apps.analytics.o:
    java.lang.String hitString -> a
    long hitId -> b
com.google.android.apps.analytics.HitBuilder -> com.google.android.apps.analytics.g:
    void appendStringValue(java.lang.StringBuilder,java.lang.String,java.lang.String) -> a
    void appendCurrencyValue(java.lang.StringBuilder,java.lang.String,double) -> a
    java.lang.String constructHitRequestPath(com.google.android.apps.analytics.Event,com.google.android.apps.analytics.Referrer) -> a
    java.lang.String getCustomVariableParams(com.google.android.apps.analytics.Event) -> a
    void createX10Project(com.google.android.apps.analytics.CustomVariable[],java.lang.StringBuilder,int) -> a
    java.lang.String x10Escape(java.lang.String) -> a
    java.lang.String getEscapedCookieString(com.google.android.apps.analytics.Event,com.google.android.apps.analytics.Referrer) -> b
com.google.android.apps.analytics.HitStore -> com.google.android.apps.analytics.t:
    void putEvent(com.google.android.apps.analytics.Event) -> a
    com.google.android.apps.analytics.Hit[] peekHits() -> a
    void deleteHit(long) -> a
    int getNumStoredHits() -> b
    boolean setReferrer(java.lang.String) -> a
    void startNewVisit() -> c
    void setAnonymizeIp(boolean) -> a
    void setSampleRate(int) -> a
com.google.android.apps.analytics.Item -> com.google.android.apps.analytics.u:
    java.lang.String orderId -> a
    java.lang.String itemSKU -> b
    java.lang.String itemName -> c
    java.lang.String itemCategory -> d
    double itemPrice -> e
    long itemCount -> f
    java.lang.String getOrderId() -> a
    java.lang.String getItemSKU() -> b
    java.lang.String getItemName() -> c
    java.lang.String getItemCategory() -> d
    double getItemPrice() -> e
    long getItemCount() -> f
com.google.android.apps.analytics.Item$Builder -> com.google.android.apps.analytics.q:
    java.lang.String orderId -> a
    java.lang.String itemSKU -> b
    double itemPrice -> c
    long itemCount -> d
    java.lang.String itemName -> e
    java.lang.String itemCategory -> f
    com.google.android.apps.analytics.Item$Builder setItemName(java.lang.String) -> a
    com.google.android.apps.analytics.Item$Builder setItemCategory(java.lang.String) -> b
    java.lang.String access$000(com.google.android.apps.analytics.Item$Builder) -> a
    java.lang.String access$100(com.google.android.apps.analytics.Item$Builder) -> b
    double access$200(com.google.android.apps.analytics.Item$Builder) -> c
    long access$300(com.google.android.apps.analytics.Item$Builder) -> d
    java.lang.String access$400(com.google.android.apps.analytics.Item$Builder) -> e
    java.lang.String access$500(com.google.android.apps.analytics.Item$Builder) -> f
com.google.android.apps.analytics.NetworkDispatcher -> com.google.android.apps.analytics.s:
    java.lang.String userAgent -> a
    org.apache.http.HttpHost googleAnalyticsHost -> b
    com.google.android.apps.analytics.NetworkDispatcher$DispatcherThread dispatcherThread -> c
    boolean dryRun -> d
    void init(com.google.android.apps.analytics.Dispatcher$Callbacks) -> a
    void dispatchHits(com.google.android.apps.analytics.Hit[]) -> a
    void setDryRun(boolean) -> a
    boolean isDryRun() -> b
    void stop() -> a
    org.apache.http.HttpHost access$200(com.google.android.apps.analytics.NetworkDispatcher) -> a