proguard/usage.txt
com.danga.squeezer.IServiceCallback$Stub:
    private static final java.lang.String DESCRIPTOR
    static final int TRANSACTION_onMusicChanged
    static final int TRANSACTION_onPlayerChanged
    static final int TRANSACTION_onConnectionChanged
    static final int TRANSACTION_onPlayStatusChanged
    static final int TRANSACTION_onTimeInSongChange
com.danga.squeezer.IServiceCallback$Stub$Proxy:
    105:105:public java.lang.String getInterfaceDescriptor()
com.danga.squeezer.IconRowAdapter:
    45:45:public int getImage(int)
com.danga.squeezer.Preferences
com.danga.squeezer.R
com.danga.squeezer.R$array
com.danga.squeezer.R$attr
com.danga.squeezer.R$dimen
com.danga.squeezer.R$drawable
com.danga.squeezer.R$id
com.danga.squeezer.R$integer
com.danga.squeezer.R$layout
com.danga.squeezer.R$menu
com.danga.squeezer.R$plurals
com.danga.squeezer.R$string
com.danga.squeezer.R$styleable
com.danga.squeezer.R$xml
com.danga.squeezer.RepeatingImageButton:
    59:61:public void setRepeatListener(com.danga.squeezer.RepeatingImageButton$RepeatListener,long)
com.danga.squeezer.Squeezer:
    33:33:public static android.content.Context getContext()
com.danga.squeezer.SqueezerActivity:
    protected static final int HOME_REQUESTCODE
    private static final int UPDATE_TIME
com.danga.squeezer.SqueezerHomeActivity$1:
    private static final int MUSIC
    private static final int INTERNET_RADIO
    private static final int APPS
    private static final int FAVORITES
com.danga.squeezer.SqueezerMusicActivity:
    private static final int ARTISTS
    private static final int ALBUMS
    private static final int SONGS
    private static final int GENRES
    private static final int YEARS
    private static final int RANDOM_MIX
    private static final int MUSIC_FOLDER
    private static final int PLAYLISTS
    private static final int SEARCH
com.danga.squeezer.SqueezerSearchAdapter:
    89:92:public int getMaxCount()
com.danga.squeezer.Util:
    36:37:public static java.lang.String nonNullString(java.util.concurrent.atomic.AtomicReference)
    52:59:public static boolean atomicStringUpdated(java.util.concurrent.atomic.AtomicReference,java.lang.String)
com.danga.squeezer.VolumePanel:
    private static final int MSG_VOLUME_CHANGED
    private static final int MSG_FREE_RESOURCES
com.danga.squeezer.actionbarcompat.ActionBarHelper:
    public abstract com.danga.squeezer.actionbarcompat.ActionBarHelper setIcon(android.graphics.drawable.Drawable)
    public abstract void setRefreshActionItemState(boolean)
com.danga.squeezer.actionbarcompat.ActionBarHelperBase:
    private static final java.lang.String MENU_RES_NAMESPACE
    private static final java.lang.String MENU_ATTR_ID
    private static final java.lang.String MENU_ATTR_SHOW_AS_ACTION
    115:125:public void setRefreshActionItemState(boolean)
    162:163:public com.danga.squeezer.actionbarcompat.ActionBarHelper setIcon(android.graphics.drawable.Drawable)
com.danga.squeezer.actionbarcompat.ActionBarHelperHoneycomb:
    51:71:public void setRefreshActionItemState(boolean)
    79:79:protected android.content.Context getActionBarThemedContext()
    89:89:public com.danga.squeezer.actionbarcompat.ActionBarHelper setIcon(android.graphics.drawable.Drawable)
com.danga.squeezer.actionbarcompat.ActionBarHelperICS:
    34:34:protected android.content.Context getActionBarThemedContext()
    39:41:public com.danga.squeezer.actionbarcompat.ActionBarHelper setIcon(android.graphics.drawable.Drawable)
...
android.support.v4.app.ActivityCompatHoneycomb:
    34:35:static void dump(android.app.Activity,java.lang.String,java.io.FileDescriptor,java.io.PrintWriter,java.lang.String[])
android.support.v4.app.BackStackRecord:
    static final java.lang.String TAG
    static final int OP_NULL
    static final int OP_ADD
    static final int OP_REPLACE
    static final int OP_REMOVE
    static final int OP_HIDE
    static final int OP_SHOW
    static final int OP_DETACH
    static final int OP_ATTACH
    269:269:public int getId()
    273:273:public int getBreadCrumbTitleRes()
    277:277:public int getBreadCrumbShortTitleRes()
    281:284:public java.lang.CharSequence getBreadCrumbTitle()
    288:291:public java.lang.CharSequence getBreadCrumbShortTitle()
    313:314:public android.support.v4.app.FragmentTransaction add(int,android.support.v4.app.Fragment)
    318:319:public android.support.v4.app.FragmentTransaction add(int,android.support.v4.app.Fragment,java.lang.String)
    354:354:public android.support.v4.app.FragmentTransaction replace(int,android.support.v4.app.Fragment)
    358:363:public android.support.v4.app.FragmentTransaction replace(int,android.support.v4.app.Fragment,java.lang.String)
    381:390:public android.support.v4.app.FragmentTransaction hide(android.support.v4.app.Fragment)
    394:403:public android.support.v4.app.FragmentTransaction show(android.support.v4.app.Fragment)
    411:416:public android.support.v4.app.FragmentTransaction detach(android.support.v4.app.Fragment)
    424:429:public android.support.v4.app.FragmentTransaction attach(android.support.v4.app.Fragment)
android.support.v4.app.DialogFragment:
    public static final int STYLE_NORMAL
    public static final int STYLE_NO_TITLE
    public static final int STYLE_NO_FRAME
    public static final int STYLE_NO_INPUT
    private static final java.lang.String SAVED_DIALOG_STATE_TAG
    private static final java.lang.String SAVED_STYLE
    private static final java.lang.String SAVED_THEME
    private static final java.lang.String SAVED_CANCELABLE
    private static final java.lang.String SAVED_SHOWS_DIALOG
    private static final java.lang.String SAVED_BACK_STACK_ID
    100:107:public void setStyle(int,int)
    136:139:public int show(android.support.v4.app.FragmentTransaction,java.lang.String)
    174:174:public android.app.Dialog getDialog()
    191:193:public void setCancelable(boolean)
    199:199:public boolean isCancelable()
    220:221:public void setShowsDialog(boolean)
    227:227:public boolean getShowsDialog()
android.support.v4.app.Fragment:
    static final int INITIALIZING
    static final int CREATED
    static final int ACTIVITY_CREATED
    static final int STOPPED
    static final int STARTED
    static final int RESUMED
    455:455:public final int getId()
    496:501:public void setInitialSavedState(android.support.v4.app.Fragment$SavedState)
    515:517:public void setTargetFragment(android.support.v4.app.Fragment,int)
    523:523:public final android.support.v4.app.Fragment getTargetFragment()
    530:530:public final int getTargetRequestCode()
    607:607:public final boolean isDetached()
    616:616:public final boolean isRemoving()
    627:627:public final boolean isInLayout()
    635:635:public final boolean isResumed()
    644:644:public final boolean isVisible()
    684:685:public void setRetainInstance(boolean)
    688:688:public final boolean getRetainInstance()
    711:719:public android.support.v4.app.LoaderManager getLoaderManager()
    727:731:public void startActivity(android.content.Intent)
    738:742:public void startActivityForResult(android.content.Intent,int)
    1165:1166:public void registerForContextMenu(android.view.View)
    1176:1177:public void unregisterForContextMenu(android.view.View)
android.support.v4.app.Fragment$SavedState:
    285:287:Fragment$SavedState(android.os.Bundle)